2019-05-31 13:44:15,961 ERROR c.CatalogueDAO [main] DB error
java.sql.SQLException: Failed to start database 'Database\MAIN_CATS_DB' with class loader sun.misc.Launcher$AppClassLoader@73d16e93, see the next exception for details.
	at org.apache.derby.impl.jdbc.SQLExceptionFactory.getSQLException(Unknown Source) ~[derby-10.14.2.0.jar:?]
	at org.apache.derby.impl.jdbc.SQLExceptionFactory.getSQLException(Unknown Source) ~[derby-10.14.2.0.jar:?]
	at org.apache.derby.impl.jdbc.Util.seeNextException(Unknown Source) ~[derby-10.14.2.0.jar:?]
	at org.apache.derby.impl.jdbc.EmbedConnection.bootDatabase(Unknown Source) ~[derby-10.14.2.0.jar:?]
	at org.apache.derby.impl.jdbc.EmbedConnection.<init>(Unknown Source) ~[derby-10.14.2.0.jar:?]
	at org.apache.derby.jdbc.InternalDriver$1.run(Unknown Source) ~[derby-10.14.2.0.jar:?]
	at org.apache.derby.jdbc.InternalDriver$1.run(Unknown Source) ~[derby-10.14.2.0.jar:?]
	at java.security.AccessController.doPrivileged(Native Method) ~[?:1.8.0_111]
	at org.apache.derby.jdbc.InternalDriver.getNewEmbedConnection(Unknown Source) ~[derby-10.14.2.0.jar:?]
	at org.apache.derby.jdbc.InternalDriver.connect(Unknown Source) ~[derby-10.14.2.0.jar:?]
	at org.apache.derby.jdbc.InternalDriver.connect(Unknown Source) ~[derby-10.14.2.0.jar:?]
	at org.apache.derby.jdbc.AutoloadedDriver.connect(Unknown Source) ~[derby-10.14.2.0.jar:?]
	at java.sql.DriverManager.getConnection(Unknown Source) ~[?:1.8.0_111]
	at java.sql.DriverManager.getConnection(Unknown Source) ~[?:1.8.0_111]
	at catalogue_browser_dao.DatabaseManager.getMainDBConnection(DatabaseManager.java:108) ~[classes/:?]
	at catalogue_browser_dao.CatalogueDAO.getLastVersionByCode(CatalogueDAO.java:454) [classes/:?]
	at main.Decoder.<init>(Decoder.java:37) [classes/:?]
	at main.ICT_UI_TableViewer.createContents(ICT_UI_TableViewer.java:137) [classes/:?]
	at main.ICT_UI_TableViewer.open(ICT_UI_TableViewer.java:81) [classes/:?]
	at main.ICT_UI_TableViewer.main(ICT_UI_TableViewer.java:70) [classes/:?]
Caused by: org.apache.derby.iapi.error.StandardException: Failed to start database 'Database\MAIN_CATS_DB' with class loader sun.misc.Launcher$AppClassLoader@73d16e93, see the next exception for details.
	at org.apache.derby.iapi.error.StandardException.newException(Unknown Source) ~[derby-10.14.2.0.jar:?]
	at org.apache.derby.impl.jdbc.SQLExceptionFactory.wrapArgsForTransportAcrossDRDA(Unknown Source) ~[derby-10.14.2.0.jar:?]
	... 20 more
Caused by: org.apache.derby.iapi.error.StandardException: Another instance of Derby may have already booted the database D:\PortableApps\eclipse\workspace\EFSA_ICT_2.0\Database\MAIN_CATS_DB.
	at org.apache.derby.iapi.error.StandardException.newException(Unknown Source) ~[derby-10.14.2.0.jar:?]
	at org.apache.derby.iapi.error.StandardException.newException(Unknown Source) ~[derby-10.14.2.0.jar:?]
	at org.apache.derby.impl.store.raw.data.BaseDataFileFactory.privGetJBMSLockOnDB(Unknown Source) ~[derby-10.14.2.0.jar:?]
	at org.apache.derby.impl.store.raw.data.BaseDataFileFactory.run(Unknown Source) ~[derby-10.14.2.0.jar:?]
	at java.security.AccessController.doPrivileged(Native Method) ~[?:1.8.0_111]
	at org.apache.derby.impl.store.raw.data.BaseDataFileFactory.getJBMSLockOnDB(Unknown Source) ~[derby-10.14.2.0.jar:?]
	at org.apache.derby.impl.store.raw.data.BaseDataFileFactory.boot(Unknown Source) ~[derby-10.14.2.0.jar:?]
	at org.apache.derby.impl.services.monitor.BaseMonitor.boot(Unknown Source) ~[derby-10.14.2.0.jar:?]
	at org.apache.derby.impl.services.monitor.TopService.bootModule(Unknown Source) ~[derby-10.14.2.0.jar:?]
	at org.apache.derby.impl.services.monitor.BaseMonitor.startModule(Unknown Source) ~[derby-10.14.2.0.jar:?]
	at org.apache.derby.impl.services.monitor.FileMonitor.startModule(Unknown Source) ~[derby-10.14.2.0.jar:?]
	at org.apache.derby.iapi.services.monitor.Monitor.bootServiceModule(Unknown Source) ~[derby-10.14.2.0.jar:?]
	at org.apache.derby.impl.store.raw.RawStore$6.run(Unknown Source) ~[derby-10.14.2.0.jar:?]
	at java.security.AccessController.doPrivileged(Native Method) ~[?:1.8.0_111]
	at org.apache.derby.impl.store.raw.RawStore.bootServiceModule(Unknown Source) ~[derby-10.14.2.0.jar:?]
	at org.apache.derby.impl.store.raw.RawStore.boot(Unknown Source) ~[derby-10.14.2.0.jar:?]
	at org.apache.derby.impl.services.monitor.BaseMonitor.boot(Unknown Source) ~[derby-10.14.2.0.jar:?]
	at org.apache.derby.impl.services.monitor.TopService.bootModule(Unknown Source) ~[derby-10.14.2.0.jar:?]
	at org.apache.derby.impl.services.monitor.BaseMonitor.startModule(Unknown Source) ~[derby-10.14.2.0.jar:?]
	at org.apache.derby.impl.services.monitor.FileMonitor.startModule(Unknown Source) ~[derby-10.14.2.0.jar:?]
	at org.apache.derby.iapi.services.monitor.Monitor.bootServiceModule(Unknown Source) ~[derby-10.14.2.0.jar:?]
	at org.apache.derby.impl.store.access.RAMAccessManager$5.run(Unknown Source) ~[derby-10.14.2.0.jar:?]
	at java.security.AccessController.doPrivileged(Native Method) ~[?:1.8.0_111]
	at org.apache.derby.impl.store.access.RAMAccessManager.bootServiceModule(Unknown Source) ~[derby-10.14.2.0.jar:?]
	at org.apache.derby.impl.store.access.RAMAccessManager.boot(Unknown Source) ~[derby-10.14.2.0.jar:?]
	at org.apache.derby.impl.services.monitor.BaseMonitor.boot(Unknown Source) ~[derby-10.14.2.0.jar:?]
	at org.apache.derby.impl.services.monitor.TopService.bootModule(Unknown Source) ~[derby-10.14.2.0.jar:?]
	at org.apache.derby.impl.services.monitor.BaseMonitor.startModule(Unknown Source) ~[derby-10.14.2.0.jar:?]
	at org.apache.derby.impl.services.monitor.FileMonitor.startModule(Unknown Source) ~[derby-10.14.2.0.jar:?]
	at org.apache.derby.iapi.services.monitor.Monitor.bootServiceModule(Unknown Source) ~[derby-10.14.2.0.jar:?]
	at org.apache.derby.impl.db.BasicDatabase$5.run(Unknown Source) ~[derby-10.14.2.0.jar:?]
	at java.security.AccessController.doPrivileged(Native Method) ~[?:1.8.0_111]
	at org.apache.derby.impl.db.BasicDatabase.bootServiceModule(Unknown Source) ~[derby-10.14.2.0.jar:?]
	at org.apache.derby.impl.db.BasicDatabase.bootStore(Unknown Source) ~[derby-10.14.2.0.jar:?]
	at org.apache.derby.impl.db.BasicDatabase.boot(Unknown Source) ~[derby-10.14.2.0.jar:?]
	at org.apache.derby.impl.services.monitor.BaseMonitor.boot(Unknown Source) ~[derby-10.14.2.0.jar:?]
	at org.apache.derby.impl.services.monitor.TopService.bootModule(Unknown Source) ~[derby-10.14.2.0.jar:?]
	at org.apache.derby.impl.services.monitor.BaseMonitor.bootService(Unknown Source) ~[derby-10.14.2.0.jar:?]
	at org.apache.derby.impl.services.monitor.BaseMonitor.startProviderService(Unknown Source) ~[derby-10.14.2.0.jar:?]
	at org.apache.derby.impl.services.monitor.BaseMonitor.findProviderAndStartService(Unknown Source) ~[derby-10.14.2.0.jar:?]
	at org.apache.derby.impl.services.monitor.BaseMonitor.startPersistentService(Unknown Source) ~[derby-10.14.2.0.jar:?]
	at org.apache.derby.iapi.services.monitor.Monitor.startPersistentService(Unknown Source) ~[derby-10.14.2.0.jar:?]
	at org.apache.derby.impl.jdbc.EmbedConnection$4.run(Unknown Source) ~[derby-10.14.2.0.jar:?]
	at org.apache.derby.impl.jdbc.EmbedConnection$4.run(Unknown Source) ~[derby-10.14.2.0.jar:?]
	at java.security.AccessController.doPrivileged(Native Method) ~[?:1.8.0_111]
	at org.apache.derby.impl.jdbc.EmbedConnection.startPersistentService(Unknown Source) ~[derby-10.14.2.0.jar:?]
	... 17 more
